<?xml version="1.0" encoding="UTF-8" ?>
<testsuite failures="0" time="0.098" errors="0" skipped="0" tests="11" name="com.nimbits.client.model.value.impl.ValueFactoryTest">
  <properties>
[...]
</properties>
  <testcase time="0" classname="com.nimbits.client.model.value.impl.ValueFactoryTest" name="testCreateValueModel"/>
  <testcase time="0" classname="com.nimbits.client.model.value.impl.ValueFactoryTest" name="testCreateValueModel1"/>
  <testcase time="0.094" classname="com.nimbits.client.model.value.impl.ValueFactoryTest" name="testCreateValueContainer"/>
  <testcase time="0.001" classname="com.nimbits.client.model.value.impl.ValueFactoryTest" name="testCreateValueContainer1"/>
  <testcase time="0" classname="com.nimbits.client.model.value.impl.ValueFactoryTest" name="testCreateValueFromString"/>
  <testcase time="0.001" classname="com.nimbits.client.model.value.impl.ValueFactoryTest" name="testCreateValueModel2"/>
  <testcase time="0" classname="com.nimbits.client.model.value.impl.ValueFactoryTest" name="testCreateValueModel3"/>
  <testcase time="0.001" classname="com.nimbits.client.model.value.impl.ValueFactoryTest" name="testCreateValueModel4"/>
  <testcase time="0" classname="com.nimbits.client.model.value.impl.ValueFactoryTest" name="testCreateValueModel5"/>
  <testcase time="0.001" classname="com.nimbits.client.model.value.impl.ValueFactoryTest" name="testCreateValueModel6"/>
  <testcase time="0" classname="com.nimbits.client.model.value.impl.ValueFactoryTest" name="testCreateValueModel7"/>
</testsuite>